This is pdfTeX, Version 3.14159265-2.6-1.40.16 (TeX Live 2015/Debian) (preloaded format=pdflatex 2018.7.4)  4 JUL 2018 12:50
entering extended mode
 restricted \write18 enabled.
 %&-line parsing enabled.
**ALL.tex
(./ALL.tex
LaTeX2e <2016/02/01>
Babel <3.9q> and hyphenation patterns for 3 language(s) loaded.
(/usr/share/texlive/texmf-dist/tex/latex/base/article.cls
Document Class: article 2014/09/29 v1.4h Standard LaTeX document class
(/usr/share/texlive/texmf-dist/tex/latex/base/size10.clo
File: size10.clo 2014/09/29 v1.4h Standard LaTeX file (size option)
)
\c@part=\count79
\c@section=\count80
\c@subsection=\count81
\c@subsubsection=\count82
\c@paragraph=\count83
\c@subparagraph=\count84
\c@figure=\count85
\c@table=\count86
\abovecaptionskip=\skip41
\belowcaptionskip=\skip42
\bibindent=\dimen102
)
(/usr/share/texlive/texmf-dist/tex/latex/base/inputenc.sty
Package: inputenc 2015/03/17 v1.2c Input encoding file
\inpenc@prehook=\toks14
\inpenc@posthook=\toks15

(/usr/share/texlive/texmf-dist/tex/latex/base/utf8.def
File: utf8.def 2015/12/03 v1.1r UTF-8 support for inputenc
Now handling font encoding OML ...
... no UTF-8 mapping file for font encoding OML
Now handling font encoding T1 ...
... processing UTF-8 mapping file for font encoding T1

(/usr/share/texlive/texmf-dist/tex/latex/base/t1enc.dfu
File: t1enc.dfu 2015/12/03 v1.1r UTF-8 support for inputenc
   defining Unicode char U+00A0 (decimal 160)
   defining Unicode char U+00A1 (decimal 161)
   defining Unicode char U+00A3 (decimal 163)
   defining Unicode char U+00AB (decimal 171)
   defining Unicode char U+00AD (decimal 173)
   defining Unicode char U+00BB (decimal 187)
   defining Unicode char U+00BF (decimal 191)
   defining Unicode char U+00C0 (decimal 192)
   defining Unicode char U+00C1 (decimal 193)
   defining Unicode char U+00C2 (decimal 194)
   defining Unicode char U+00C3 (decimal 195)
   defining Unicode char U+00C4 (decimal 196)
   defining Unicode char U+00C5 (decimal 197)
   defining Unicode char U+00C6 (decimal 198)
   defining Unicode char U+00C7 (decimal 199)
   defining Unicode char U+00C8 (decimal 200)
   defining Unicode char U+00C9 (decimal 201)
   defining Unicode char U+00CA (decimal 202)
   defining Unicode char U+00CB (decimal 203)
   defining Unicode char U+00CC (decimal 204)
   defining Unicode char U+00CD (decimal 205)
   defining Unicode char U+00CE (decimal 206)
   defining Unicode char U+00CF (decimal 207)
   defining Unicode char U+00D0 (decimal 208)
   defining Unicode char U+00D1 (decimal 209)
   defining Unicode char U+00D2 (decimal 210)
   defining Unicode char U+00D3 (decimal 211)
   defining Unicode char U+00D4 (decimal 212)
   defining Unicode char U+00D5 (decimal 213)
   defining Unicode char U+00D6 (decimal 214)
   defining Unicode char U+00D8 (decimal 216)
   defining Unicode char U+00D9 (decimal 217)
   defining Unicode char U+00DA (decimal 218)
   defining Unicode char U+00DB (decimal 219)
   defining Unicode char U+00DC (decimal 220)
   defining Unicode char U+00DD (decimal 221)
   defining Unicode char U+00DE (decimal 222)
   defining Unicode char U+00DF (decimal 223)
   defining Unicode char U+00E0 (decimal 224)
   defining Unicode char U+00E1 (decimal 225)
   defining Unicode char U+00E2 (decimal 226)
   defining Unicode char U+00E3 (decimal 227)
   defining Unicode char U+00E4 (decimal 228)
   defining Unicode char U+00E5 (decimal 229)
   defining Unicode char U+00E6 (decimal 230)
   defining Unicode char U+00E7 (decimal 231)
   defining Unicode char U+00E8 (decimal 232)
   defining Unicode char U+00E9 (decimal 233)
   defining Unicode char U+00EA (decimal 234)
   defining Unicode char U+00EB (decimal 235)
   defining Unicode char U+00EC (decimal 236)
   defining Unicode char U+00ED (decimal 237)
   defining Unicode char U+00EE (decimal 238)
   defining Unicode char U+00EF (decimal 239)
   defining Unicode char U+00F0 (decimal 240)
   defining Unicode char U+00F1 (decimal 241)
   defining Unicode char U+00F2 (decimal 242)
   defining Unicode char U+00F3 (decimal 243)
   defining Unicode char U+00F4 (decimal 244)
   defining Unicode char U+00F5 (decimal 245)
   defining Unicode char U+00F6 (decimal 246)
   defining Unicode char U+00F8 (decimal 248)
   defining Unicode char U+00F9 (decimal 249)
   defining Unicode char U+00FA (decimal 250)
   defining Unicode char U+00FB (decimal 251)
   defining Unicode char U+00FC (decimal 252)
   defining Unicode char U+00FD (decimal 253)
   defining Unicode char U+00FE (decimal 254)
   defining Unicode char U+00FF (decimal 255)
   defining Unicode char U+0100 (decimal 256)
   defining Unicode char U+0101 (decimal 257)
   defining Unicode char U+0102 (decimal 258)
   defining Unicode char U+0103 (decimal 259)
   defining Unicode char U+0104 (decimal 260)
   defining Unicode char U+0105 (decimal 261)
   defining Unicode char U+0106 (decimal 262)
   defining Unicode char U+0107 (decimal 263)
   defining Unicode char U+0108 (decimal 264)
   defining Unicode char U+0109 (decimal 265)
   defining Unicode char U+010A (decimal 266)
   defining Unicode char U+010B (decimal 267)
   defining Unicode char U+010C (decimal 268)
   defining Unicode char U+010D (decimal 269)
   defining Unicode char U+010E (decimal 270)
   defining Unicode char U+010F (decimal 271)
   defining Unicode char U+0110 (decimal 272)
   defining Unicode char U+0111 (decimal 273)
   defining Unicode char U+0112 (decimal 274)
   defining Unicode char U+0113 (decimal 275)
   defining Unicode char U+0114 (decimal 276)
   defining Unicode char U+0115 (decimal 277)
   defining Unicode char U+0116 (decimal 278)
   defining Unicode char U+0117 (decimal 279)
   defining Unicode char U+0118 (decimal 280)
   defining Unicode char U+0119 (decimal 281)
   defining Unicode char U+011A (decimal 282)
   defining Unicode char U+011B (decimal 283)
   defining Unicode char U+011C (decimal 284)
   defining Unicode char U+011D (decimal 285)
   defining Unicode char U+011E (decimal 286)
   defining Unicode char U+011F (decimal 287)
   defining Unicode char U+0120 (decimal 288)
   defining Unicode char U+0121 (decimal 289)
   defining Unicode char U+0122 (decimal 290)
   defining Unicode char U+0123 (decimal 291)
   defining Unicode char U+0124 (decimal 292)
   defining Unicode char U+0125 (decimal 293)
   defining Unicode char U+0128 (decimal 296)
   defining Unicode char U+0129 (decimal 297)
   defining Unicode char U+012A (decimal 298)
   defining Unicode char U+012B (decimal 299)
   defining Unicode char U+012C (decimal 300)
   defining Unicode char U+012D (decimal 301)
   defining Unicode char U+012E (decimal 302)
   defining Unicode char U+012F (decimal 303)
   defining Unicode char U+0130 (decimal 304)
   defining Unicode char U+0131 (decimal 305)
   defining Unicode char U+0132 (decimal 306)
   defining Unicode char U+0133 (decimal 307)
   defining Unicode char U+0134 (decimal 308)
   defining Unicode char U+0135 (decimal 309)
   defining Unicode char U+0136 (decimal 310)
   defining Unicode char U+0137 (decimal 311)
   defining Unicode char U+0139 (decimal 313)
   defining Unicode char U+013A (decimal 314)
   defining Unicode char U+013B (decimal 315)
   defining Unicode char U+013C (decimal 316)
   defining Unicode char U+013D (decimal 317)
   defining Unicode char U+013E (decimal 318)
   defining Unicode char U+0141 (decimal 321)
   defining Unicode char U+0142 (decimal 322)
   defining Unicode char U+0143 (decimal 323)
   defining Unicode char U+0144 (decimal 324)
   defining Unicode char U+0145 (decimal 325)
   defining Unicode char U+0146 (decimal 326)
   defining Unicode char U+0147 (decimal 327)
   defining Unicode char U+0148 (decimal 328)
   defining Unicode char U+014A (decimal 330)
   defining Unicode char U+014B (decimal 331)
   defining Unicode char U+014C (decimal 332)
   defining Unicode char U+014D (decimal 333)
   defining Unicode char U+014E (decimal 334)
   defining Unicode char U+014F (decimal 335)
   defining Unicode char U+0150 (decimal 336)
   defining Unicode char U+0151 (decimal 337)
   defining Unicode char U+0152 (decimal 338)
   defining Unicode char U+0153 (decimal 339)
   defining Unicode char U+0154 (decimal 340)
   defining Unicode char U+0155 (decimal 341)
   defining Unicode char U+0156 (decimal 342)
   defining Unicode char U+0157 (decimal 343)
   defining Unicode char U+0158 (decimal 344)
   defining Unicode char U+0159 (decimal 345)
   defining Unicode char U+015A (decimal 346)
   defining Unicode char U+015B (decimal 347)
   defining Unicode char U+015C (decimal 348)
   defining Unicode char U+015D (decimal 349)
   defining Unicode char U+015E (decimal 350)
   defining Unicode char U+015F (decimal 351)
   defining Unicode char U+0160 (decimal 352)
   defining Unicode char U+0161 (decimal 353)
   defining Unicode char U+0162 (decimal 354)
   defining Unicode char U+0163 (decimal 355)
   defining Unicode char U+0164 (decimal 356)
   defining Unicode char U+0165 (decimal 357)
   defining Unicode char U+0168 (decimal 360)
   defining Unicode char U+0169 (decimal 361)
   defining Unicode char U+016A (decimal 362)
   defining Unicode char U+016B (decimal 363)
   defining Unicode char U+016C (decimal 364)
   defining Unicode char U+016D (decimal 365)
   defining Unicode char U+016E (decimal 366)
   defining Unicode char U+016F (decimal 367)
   defining Unicode char U+0170 (decimal 368)
   defining Unicode char U+0171 (decimal 369)
   defining Unicode char U+0172 (decimal 370)
   defining Unicode char U+0173 (decimal 371)
   defining Unicode char U+0174 (decimal 372)
   defining Unicode char U+0175 (decimal 373)
   defining Unicode char U+0176 (decimal 374)
   defining Unicode char U+0177 (decimal 375)
   defining Unicode char U+0178 (decimal 376)
   defining Unicode char U+0179 (decimal 377)
   defining Unicode char U+017A (decimal 378)
   defining Unicode char U+017B (decimal 379)
   defining Unicode char U+017C (decimal 380)
   defining Unicode char U+017D (decimal 381)
   defining Unicode char U+017E (decimal 382)
   defining Unicode char U+01CD (decimal 461)
   defining Unicode char U+01CE (decimal 462)
   defining Unicode char U+01CF (decimal 463)
   defining Unicode char U+01D0 (decimal 464)
   defining Unicode char U+01D1 (decimal 465)
   defining Unicode char U+01D2 (decimal 466)
   defining Unicode char U+01D3 (decimal 467)
   defining Unicode char U+01D4 (decimal 468)
   defining Unicode char U+01E2 (decimal 482)
   defining Unicode char U+01E3 (decimal 483)
   defining Unicode char U+01E6 (decimal 486)
   defining Unicode char U+01E7 (decimal 487)
   defining Unicode char U+01E8 (decimal 488)
   defining Unicode char U+01E9 (decimal 489)
   defining Unicode char U+01EA (decimal 490)
   defining Unicode char U+01EB (decimal 491)
   defining Unicode char U+01F0 (decimal 496)
   defining Unicode char U+01F4 (decimal 500)
   defining Unicode char U+01F5 (decimal 501)
   defining Unicode char U+0218 (decimal 536)
   defining Unicode char U+0219 (decimal 537)
   defining Unicode char U+021A (decimal 538)
   defining Unicode char U+021B (decimal 539)
   defining Unicode char U+01E02 (decimal 7682)
   defining Unicode char U+01E03 (decimal 7683)
   defining Unicode char U+200C (decimal 8204)
   defining Unicode char U+2013 (decimal 8211)
   defining Unicode char U+2014 (decimal 8212)
   defining Unicode char U+2018 (decimal 8216)
   defining Unicode char U+2019 (decimal 8217)
   defining Unicode char U+201A (decimal 8218)
   defining Unicode char U+201C (decimal 8220)
   defining Unicode char U+201D (decimal 8221)
   defining Unicode char U+201E (decimal 8222)
   defining Unicode char U+2030 (decimal 8240)
   defining Unicode char U+2031 (decimal 8241)
   defining Unicode char U+2039 (decimal 8249)
   defining Unicode char U+203A (decimal 8250)
   defining Unicode char U+2423 (decimal 9251)
)
Now handling font encoding OT1 ...
... processing UTF-8 mapping file for font encoding OT1

(/usr/share/texlive/texmf-dist/tex/latex/base/ot1enc.dfu
File: ot1enc.dfu 2015/12/03 v1.1r UTF-8 support for inputenc
   defining Unicode char U+00A0 (decimal 160)
   defining Unicode char U+00A1 (decimal 161)
   defining Unicode char U+00A3 (decimal 163)
   defining Unicode char U+00AD (decimal 173)
   defining Unicode char U+00B8 (decimal 184)
   defining Unicode char U+00BF (decimal 191)
   defining Unicode char U+00C5 (decimal 197)
   defining Unicode char U+00C6 (decimal 198)
   defining Unicode char U+00D8 (decimal 216)
   defining Unicode char U+00DF (decimal 223)
   defining Unicode char U+00E6 (decimal 230)
   defining Unicode char U+00EC (decimal 236)
   defining Unicode char U+00ED (decimal 237)
   defining Unicode char U+00EE (decimal 238)
   defining Unicode char U+00EF (decimal 239)
   defining Unicode char U+00F8 (decimal 248)
   defining Unicode char U+0131 (decimal 305)
   defining Unicode char U+0141 (decimal 321)
   defining Unicode char U+0142 (decimal 322)
   defining Unicode char U+0152 (decimal 338)
   defining Unicode char U+0153 (decimal 339)
   defining Unicode char U+0174 (decimal 372)
   defining Unicode char U+0175 (decimal 373)
   defining Unicode char U+0176 (decimal 374)
   defining Unicode char U+0177 (decimal 375)
   defining Unicode char U+0218 (decimal 536)
   defining Unicode char U+0219 (decimal 537)
   defining Unicode char U+021A (decimal 538)
   defining Unicode char U+021B (decimal 539)
   defining Unicode char U+2013 (decimal 8211)
   defining Unicode char U+2014 (decimal 8212)
   defining Unicode char U+2018 (decimal 8216)
   defining Unicode char U+2019 (decimal 8217)
   defining Unicode char U+201C (decimal 8220)
   defining Unicode char U+201D (decimal 8221)
)
Now handling font encoding OMS ...
... processing UTF-8 mapping file for font encoding OMS

(/usr/share/texlive/texmf-dist/tex/latex/base/omsenc.dfu
File: omsenc.dfu 2015/12/03 v1.1r UTF-8 support for inputenc
   defining Unicode char U+00A7 (decimal 167)
   defining Unicode char U+00B6 (decimal 182)
   defining Unicode char U+00B7 (decimal 183)
   defining Unicode char U+2020 (decimal 8224)
   defining Unicode char U+2021 (decimal 8225)
   defining Unicode char U+2022 (decimal 8226)
)
Now handling font encoding OMX ...
... no UTF-8 mapping file for font encoding OMX
Now handling font encoding U ...
... no UTF-8 mapping file for font encoding U
   defining Unicode char U+00A9 (decimal 169)
   defining Unicode char U+00AA (decimal 170)
   defining Unicode char U+00AE (decimal 174)
   defining Unicode char U+00BA (decimal 186)
   defining Unicode char U+02C6 (decimal 710)
   defining Unicode char U+02DC (decimal 732)
   defining Unicode char U+200C (decimal 8204)
   defining Unicode char U+2026 (decimal 8230)
   defining Unicode char U+2122 (decimal 8482)
   defining Unicode char U+2423 (decimal 9251)
))
(/usr/share/texlive/texmf-dist/tex/generic/babel/babel.sty
Package: babel 2016/02/24 3.9q The Babel package

(/usr/share/texlive/texmf-dist/tex/generic/babel-english/english.ldf
Language: english 2012/08/20 v3.3p English support from the babel system

(/usr/share/texlive/texmf-dist/tex/generic/babel/babel.def
File: babel.def 2016/02/24 3.9q Babel common definitions
\babel@savecnt=\count87
\U@D=\dimen103
)
\l@british = a dialect from \language\l@english 
\l@UKenglish = a dialect from \language\l@english 
\l@canadian = a dialect from \language\l@american 
\l@australian = a dialect from \language\l@british 
\l@newzealand = a dialect from \language\l@british 
))
(/usr/share/texlive/texmf-dist/tex/latex/graphics/color.sty
Package: color 2016/01/03 v1.1b Standard LaTeX Color (DPC)

(/usr/share/texlive/texmf-dist/tex/latex/latexconfig/color.cfg
File: color.cfg 2007/01/18 v1.5 color configuration of teTeX/TeXLive
)
Package color Info: Driver file: pdftex.def on input line 143.

(/usr/share/texlive/texmf-dist/tex/latex/pdftex-def/pdftex.def
File: pdftex.def 2011/05/27 v0.06d Graphics/color for pdfTeX

(/usr/share/texlive/texmf-dist/tex/generic/oberdiek/infwarerr.sty
Package: infwarerr 2010/04/08 v1.3 Providing info/warning/error messages (HO)
)
(/usr/share/texlive/texmf-dist/tex/generic/oberdiek/ltxcmds.sty
Package: ltxcmds 2011/11/09 v1.22 LaTeX kernel commands for general use (HO)
)
\Gread@gobject=\count88
))
(/usr/share/texlive/texmf-dist/tex/latex/graphics/graphicx.sty
Package: graphicx 2014/10/28 v1.0g Enhanced LaTeX Graphics (DPC,SPQR)

(/usr/share/texlive/texmf-dist/tex/latex/graphics/keyval.sty
Package: keyval 2014/10/28 v1.15 key=value parser (DPC)
\KV@toks@=\toks16
)
(/usr/share/texlive/texmf-dist/tex/latex/graphics/graphics.sty
Package: graphics 2016/01/03 v1.0q Standard LaTeX Graphics (DPC,SPQR)

(/usr/share/texlive/texmf-dist/tex/latex/graphics/trig.sty
Package: trig 2016/01/03 v1.10 sin cos tan (DPC)
)
(/usr/share/texlive/texmf-dist/tex/latex/latexconfig/graphics.cfg
File: graphics.cfg 2010/04/23 v1.9 graphics configuration of TeX Live
)
Package graphics Info: Driver file: pdftex.def on input line 95.
)
\Gin@req@height=\dimen104
\Gin@req@width=\dimen105
)
(/usr/share/texlive/texmf-dist/tex/latex/fancyhdr/fancyhdr.sty
\fancy@headwidth=\skip43
\f@ncyO@elh=\skip44
\f@ncyO@erh=\skip45
\f@ncyO@olh=\skip46
\f@ncyO@orh=\skip47
\f@ncyO@elf=\skip48
\f@ncyO@erf=\skip49
\f@ncyO@olf=\skip50
\f@ncyO@orf=\skip51
)
(/usr/share/texlive/texmf-dist/tex/latex/tools/longtable.sty
Package: longtable 2014/10/28 v4.11 Multi-page Table package (DPC)
\LTleft=\skip52
\LTright=\skip53
\LTpre=\skip54
\LTpost=\skip55
\LTchunksize=\count89
\LTcapwidth=\dimen106
\LT@head=\box26
\LT@firsthead=\box27
\LT@foot=\box28
\LT@lastfoot=\box29
\LT@cols=\count90
\LT@rows=\count91
\c@LT@tables=\count92
\c@LT@chunks=\count93
\LT@p@ftn=\toks17
)
No file ALL.aux.
\openout1 = `ALL.aux'.

LaTeX Font Info:    Checking defaults for OML/cmm/m/it on input line 15.
LaTeX Font Info:    ... okay on input line 15.
LaTeX Font Info:    Checking defaults for T1/cmr/m/n on input line 15.
LaTeX Font Info:    ... okay on input line 15.
LaTeX Font Info:    Checking defaults for OT1/cmr/m/n on input line 15.
LaTeX Font Info:    ... okay on input line 15.
LaTeX Font Info:    Checking defaults for OMS/cmsy/m/n on input line 15.
LaTeX Font Info:    ... okay on input line 15.
LaTeX Font Info:    Checking defaults for OMX/cmex/m/n on input line 15.
LaTeX Font Info:    ... okay on input line 15.
LaTeX Font Info:    Checking defaults for U/cmr/m/n on input line 15.
LaTeX Font Info:    ... okay on input line 15.
(/usr/share/texlive/texmf-dist/tex/context/base/supp-pdf.mkii
[Loading MPS to PDF converter (version 2006.09.02).]
\scratchcounter=\count94
\scratchdimen=\dimen107
\scratchbox=\box30
\nofMPsegments=\count95
\nofMParguments=\count96
\everyMPshowfont=\toks18
\MPscratchCnt=\count97
\MPscratchDim=\dimen108
\MPnumerator=\count98
\makeMPintoPDFobject=\count99
\everyMPtoPDFconversion=\toks19
) (/usr/share/texlive/texmf-dist/tex/generic/oberdiek/pdftexcmds.sty
Package: pdftexcmds 2011/11/29 v0.20 Utility functions of pdfTeX for LuaTeX (HO
)

(/usr/share/texlive/texmf-dist/tex/generic/oberdiek/ifluatex.sty
Package: ifluatex 2010/03/01 v1.3 Provides the ifluatex switch (HO)
Package ifluatex Info: LuaTeX not detected.
)
(/usr/share/texlive/texmf-dist/tex/generic/oberdiek/ifpdf.sty
Package: ifpdf 2011/01/30 v2.3 Provides the ifpdf switch (HO)
Package ifpdf Info: pdfTeX in PDF mode is detected.
)
Package pdftexcmds Info: LuaTeX not detected.
Package pdftexcmds Info: \pdf@primitive is available.
Package pdftexcmds Info: \pdf@ifprimitive is available.
Package pdftexcmds Info: \pdfdraftmode found.
)
(/usr/share/texlive/texmf-dist/tex/latex/oberdiek/epstopdf-base.sty
Package: epstopdf-base 2010/02/09 v2.5 Base part for package epstopdf

(/usr/share/texlive/texmf-dist/tex/latex/oberdiek/grfext.sty
Package: grfext 2010/08/19 v1.1 Manage graphics extensions (HO)

(/usr/share/texlive/texmf-dist/tex/generic/oberdiek/kvdefinekeys.sty
Package: kvdefinekeys 2011/04/07 v1.3 Define keys (HO)
))
(/usr/share/texlive/texmf-dist/tex/latex/oberdiek/kvoptions.sty
Package: kvoptions 2011/06/30 v3.11 Key value format for package options (HO)

(/usr/share/texlive/texmf-dist/tex/generic/oberdiek/kvsetkeys.sty
Package: kvsetkeys 2012/04/25 v1.16 Key value parser (HO)

(/usr/share/texlive/texmf-dist/tex/generic/oberdiek/etexcmds.sty
Package: etexcmds 2011/02/16 v1.5 Avoid name clashes with e-TeX commands (HO)
Package etexcmds Info: Could not find \expanded.
(etexcmds)             That can mean that you are not using pdfTeX 1.50 or
(etexcmds)             that some package has redefined \expanded.
(etexcmds)             In the latter case, load this package earlier.
)))
Package grfext Info: Graphics extension search list:
(grfext)             [.png,.pdf,.jpg,.mps,.jpeg,.jbig2,.jb2,.PNG,.PDF,.JPG,.JPE
G,.JBIG2,.JB2,.eps]
(grfext)             \AppendGraphicsExtensions on input line 452.

(/usr/share/texlive/texmf-dist/tex/latex/latexconfig/epstopdf-sys.cfg
File: epstopdf-sys.cfg 2010/07/13 v1.3 Configuration of (r)epstopdf for TeX Liv
e
))
LaTeX Font Info:    External font `cmex10' loaded for size
(Font)              <12> on input line 22.
LaTeX Font Info:    External font `cmex10' loaded for size
(Font)              <8> on input line 22.
LaTeX Font Info:    External font `cmex10' loaded for size
(Font)              <6> on input line 22.

[1

{/var/lib/texmf/fonts/map/pdftex/updmap/pdftex.map}]
Underfull \hbox (badness 10000) in paragraph at lines 85--87

 []


Underfull \hbox (badness 10000) in paragraph at lines 85--87

 []


Underfull \hbox (badness 1817) in paragraph at lines 106--106
[]|\OT1/cmr/m/n/10 Examples of their ap-pli-ca-tion
 []


Underfull \hbox (badness 10000) in paragraph at lines 108--134
\OT1/cmr/m/n/10 Model/format - RDFS: https://fairsharing.org/bsg-
 []


Underfull \hbox (badness 10000) in paragraph at lines 108--134

 []


Underfull \hbox (badness 10000) in paragraph at lines 108--134

 []


Overfull \hbox (77.33858pt too wide) in alignment at lines 48--149
 [] [] 
 []


Underfull \vbox (badness 10000) detected at line 149
 []

[2]
LaTeX Font Info:    External font `cmex10' loaded for size
(Font)              <7> on input line 156.
LaTeX Font Info:    External font `cmex10' loaded for size
(Font)              <5> on input line 156.

Underfull \hbox (badness 1817) in paragraph at lines 217--217
[]\OT1/cmr/m/n/10 Examples of their ap-pli-ca-tion
 []


Underfull \hbox (badness 10000) in paragraph at lines 218--241

 []


Underfull \hbox (badness 1466) in paragraph at lines 218--241
\OT1/cmr/m/n/10 FAIR prin-ci-ples (schol-arly pub-li-ca-tion in Na-ture Sci-
 []


Overfull \hbox (6.42291pt too wide) in paragraph at lines 218--241
[]\OT1/cmtt/m/n/10 https://www.doi.org/overview/DOI_article_ELIS3.pdf 
 []


Underfull \hbox (badness 10000) in paragraph at lines 218--241

 []


Underfull \hbox (badness 10000) in paragraph at lines 218--241

 []


Overfull \hbox (77.33858pt too wide) in paragraph at lines 156--255
 [][] 
 []

[3]
Overfull \vbox (98.19992pt too high) has occurred while \output is active []


[4]
Underfull \hbox (badness 1817) in paragraph at lines 348--348
[]\OT1/cmr/m/n/10 Examples of their ap-pli-ca-tion
 []


Underfull \hbox (badness 10000) in paragraph at lines 355--358
[]\OT1/cmr/m/n/10 Semanticscience In-te-grated On-tol-ogy :
 []


Underfull \hbox (badness 10000) in paragraph at lines 355--358
\OT1/cmr/m/n/10 http://semanticscience.org/ontology/sio.owl
 []


Underfull \hbox (badness 1210) in paragraph at lines 359--361
[]\OT1/cmr/m/n/10 Example of a DANS metadata-record of an archived
 []


Underfull \hbox (badness 2799) in paragraph at lines 359--361
\OT1/cmr/m/n/10 dataset: https://easy.dans.knaw.nl/ui/datasets/id/easy-
 []


Underfull \hbox (badness 10000) in paragraph at lines 362--364
[]\OT1/cmr/m/n/10 smartAPI's API meta-data:
 []


Underfull \hbox (badness 10000) in paragraph at lines 365--367
[]\OT1/cmr/m/n/10 Metadata record of a database: - GEO
 []


Underfull \hbox (badness 10000) in paragraph at lines 368--370
[]\OT1/cmr/m/n/10 Metadata record of a stan-dard: - RDF
 []


Underfull \hbox (badness 5771) in paragraph at lines 371--375
[]\OT1/cmr/m/n/10 Non-article Pub-lished Work - my Zen-odo De-posit
 []


Underfull \hbox (badness 10000) in paragraph at lines 371--375
\OT1/cmr/m/n/10 for polyA (https://doi.org/10.5281/zenodo.47641)
 []


Underfull \hbox (badness 10000) in paragraph at lines 371--375
\OT1/cmr/m/n/10 - my-Ex-per-i-ment Work-flow
 []


Underfull \hbox (badness 10000) in paragraph at lines 371--375
\OT1/cmr/m/n/10 (http://www.myexperiment.org/workflows/2999.html)
 []


Underfull \hbox (badness 10000) in paragraph at lines 371--375
\OT1/cmr/m/n/10 - Jupyter note-book on GitHub
 []


Overfull \hbox (153.93138pt too wide) in paragraph at lines 375--376
[]\OT1/cmr/m/n/10 GlobalClimateChange/blob/master/GlobalWarmingAnalysis.ipynb) 

 []


Overfull \hbox (77.33858pt too wide) in paragraph at lines 278--389
 [][] 
 []


Overfull \vbox (182.19992pt too high) has occurred while \output is active []


[5]
Underfull \hbox (badness 1817) in paragraph at lines 491--491
[]|\OT1/cmr/m/n/10 Examples of their ap-pli-ca-tion
 []


Overfull \hbox (77.33858pt too wide) in alignment at lines 403--510
 [] [] 
 []


Underfull \vbox (badness 10000) detected at line 510
 []

[6]
Underfull \hbox (badness 1817) in paragraph at lines 621--621
[]|\OT1/cmr/m/n/10 Examples of their ap-pli-ca-tion
 []


Underfull \hbox (badness 10000) in paragraph at lines 624--631

 []


Underfull \hbox (badness 10000) in paragraph at lines 632--635
[]\OT1/cmr/m/n/10 - my-Ex-per-i-ment Work-flow
 []


Underfull \hbox (badness 10000) in paragraph at lines 632--635

 []


Underfull \hbox (badness 10000) in paragraph at lines 636--639

 []


Overfull \hbox (77.33858pt too wide) in alignment at lines 524--651
 [] [] 
 []


Underfull \vbox (badness 10000) detected at line 651
 []

[7] [8]
Underfull \hbox (badness 10000) in paragraph at lines 737--740

 []


Underfull \hbox (badness 1817) in paragraph at lines 776--776
[]|\OT1/cmr/m/n/10 Examples of their ap-pli-ca-tion
 []


Overfull \hbox (77.33858pt too wide) in alignment at lines 678--789
 [] [] 
 []


Underfull \vbox (badness 10000) detected at line 789
 []

[9]
Underfull \hbox (badness 10000) in paragraph at lines 857--859

 []


Underfull \hbox (badness 1817) in paragraph at lines 898--898
[]|\OT1/cmr/m/n/10 Examples of their ap-pli-ca-tion
 []


Overfull \hbox (77.33858pt too wide) in alignment at lines 800--911
 [] [] 
 []


Underfull \vbox (badness 10000) detected at line 911
 []

[10]
Underfull \hbox (badness 10000) in paragraph at lines 1001--1004

 []


Underfull \hbox (badness 1817) in paragraph at lines 1017--1017
[]|\OT1/cmr/m/n/10 Examples of their ap-pli-ca-tion
 []


Overfull \hbox (77.33858pt too wide) in alignment at lines 922--1030
 [] [] 
 []


Underfull \vbox (badness 10000) detected at line 1030
 []

[11]
Underfull \hbox (badness 10000) in paragraph at lines 1107--1111

 []


Underfull \hbox (badness 1817) in paragraph at lines 1138--1138
[]|\OT1/cmr/m/n/10 Examples of their ap-pli-ca-tion
 []


Underfull \hbox (badness 10000) in paragraph at lines 1148--1160

 []


Underfull \hbox (badness 10000) in paragraph at lines 1148--1160

 []


Underfull \hbox (badness 10000) in paragraph at lines 1161--1162

 []


Underfull \hbox (badness 10000) in paragraph at lines 1164--1165

 []


Underfull \hbox (badness 10000) in paragraph at lines 1166--1175

 []


Underfull \hbox (badness 10000) in paragraph at lines 1166--1175

 []


Overfull \hbox (77.33858pt too wide) in alignment at lines 1039--1180
 [] [] 
 []


Underfull \vbox (badness 10000) detected at line 1180
 []

[12] [13]
Underfull \hbox (badness 3439) in paragraph at lines 1229--1230
[]|\OT1/cmr/m/n/10 The meta-data val-ues and qual-i-fied re-la-tions should
 []


Underfull \hbox (badness 1527) in paragraph at lines 1229--1230
\OT1/cmr/m/n/10 them-selves be FAIR, for ex-am-ple, terms from open,
 []


Underfull \hbox (badness 1817) in paragraph at lines 1290--1290
[]|\OT1/cmr/m/n/10 Examples of their ap-pli-ca-tion
 []


Underfull \hbox (badness 10000) in paragraph at lines 1300--1312

 []


Underfull \hbox (badness 10000) in paragraph at lines 1300--1312

 []


Underfull \hbox (badness 10000) in paragraph at lines 1313--1314

 []


Underfull \hbox (badness 10000) in paragraph at lines 1316--1317

 []


Underfull \hbox (badness 10000) in paragraph at lines 1318--1327

 []


Underfull \hbox (badness 10000) in paragraph at lines 1318--1327

 []


Overfull \hbox (77.33858pt too wide) in alignment at lines 1190--1332
 [] [] 
 []


Underfull \vbox (badness 10000) detected at line 1332
 []

[14] [15]
Underfull \hbox (badness 1622) in paragraph at lines 1367--1368
[]|\OT1/cmr/m/n/10 I3 - (meta)data in-clude qual-i-fied ref-er-ences to other
 []


Underfull \hbox (badness 10000) in paragraph at lines 1388--1395

 []


Underfull \hbox (badness 2012) in paragraph at lines 1388--1395
\OT1/cmr/m/n/10 Numerous on-tolo-gies in-clude richer re-la-tion-ships that
 []


Underfull \hbox (badness 5316) in paragraph at lines 1388--1395
\OT1/cmr/m/n/10 "ob-jectX was-FoundInThe-Same-BoxAs ob-jectY" is an
 []


Underfull \hbox (badness 10000) in paragraph at lines 1388--1395

 []


Underfull \hbox (badness 1803) in paragraph at lines 1388--1395
\OT1/cmr/m/n/10 Similarly, dbxrefs must be pred-i-cated with a mean-
 []


Underfull \hbox (badness 10000) in paragraph at lines 1388--1395

 []


Underfull \hbox (badness 10000) in paragraph at lines 1388--1395

 []


Underfull \hbox (badness 10000) in paragraph at lines 1431--1434

 []


Underfull \hbox (badness 1817) in paragraph at lines 1446--1446
[]|\OT1/cmr/m/n/10 Examples of their ap-pli-ca-tion
 []


Overfull \hbox (77.33858pt too wide) in alignment at lines 1341--1460
 [] [] 
 []


Underfull \vbox (badness 10000) detected at line 1460
 []

[16] [17]
Underfull \hbox (badness 1817) in paragraph at lines 1559--1559
[]|\OT1/cmr/m/n/10 Examples of their ap-pli-ca-tion
 []


Overfull \hbox (77.33858pt too wide) in alignment at lines 1470--1573
 [] [] 
 []


Underfull \vbox (badness 10000) detected at line 1573
 []

[18]
Underfull \hbox (badness 10000) in paragraph at lines 1620--1624

 []


Underfull \hbox (badness 10000) in paragraph at lines 1669--1670

 []


Underfull \hbox (badness 10000) in paragraph at lines 1671--1672

 []


Underfull \hbox (badness 1817) in paragraph at lines 1684--1684
[]|\OT1/cmr/m/n/10 Examples of their ap-pli-ca-tion
 []


Underfull \hbox (badness 10000) in paragraph at lines 1695--1696

 []


Overfull \hbox (77.33858pt too wide) in alignment at lines 1585--1705
 [] [] 
 []


Underfull \vbox (badness 10000) detected at line 1705
 []

[19] [20]
Underfull \hbox (badness 1817) in paragraph at lines 1808--1808
[]|\OT1/cmr/m/n/10 Examples of their ap-pli-ca-tion
 []


Overfull \hbox (77.33858pt too wide) in alignment at lines 1717--1827
 [] [] 
 []


Underfull \vbox (badness 10000) detected at line 1827
 []

[21] [22] (./ALL.aux) ) 
Here is how much of TeX's memory you used:
 2471 strings out of 494953
 31938 string characters out of 6180978
 111101 words of memory out of 5000000
 5729 multiletter control sequences out of 15000+600000
 7542 words of font info for 27 fonts, out of 8000000 for 9000
 14 hyphenation exceptions out of 8191
 37i,11n,43p,882b,333s stack positions out of 5000i,500n,10000p,200000b,80000s
</usr/share/texlive/texmf-dist/fonts/type1/public/amsfon
ts/cm/cmr10.pfb></usr/share/texlive/texmf-dist/fonts/type1/public/amsfonts/cm/c
mr12.pfb></usr/share/texlive/texmf-dist/fonts/type1/public/amsfonts/cm/cmr17.pf
b></usr/share/texlive/texmf-dist/fonts/type1/public/amsfonts/cm/cmti10.pfb></us
r/share/texlive/texmf-dist/fonts/type1/public/amsfonts/cm/cmtt10.pfb>
Output written on ALL.pdf (22 pages, 117539 bytes).
PDF statistics:
 95 PDF objects out of 1000 (max. 8388607)
 65 compressed objects within 1 object stream
 0 named destinations out of 1000 (max. 500000)
 1 words of extra memory for PDF output out of 10000 (max. 10000000)

